14:36:22.994 [restartedMain] INFO  c.e.nrcl.NrclServer1Application - Starting NrclServer1Application on xps-u64 with PID 1569 (/home/developer/eclipse-workspace/NRCLServer1/target/classes started by developer in /home/developer/eclipse-workspace/NRCLServer1)
14:36:22.994 [restartedMain] INFO  c.e.nrcl.NrclServer1Application - No active profile set, falling back to default profiles: default
14:36:23.237 [restartedMain] INFO  c.e.nrcl.NrclServer1Application - Started NrclServer1Application in 0.275 seconds (JVM running for 909.173)
14:36:23.238 [restartedMain] INFO  c.e.nrcl.NrclServer1Application - NrclServer1Application start, version=1.0
14:36:24.619 [main] INFO  c.e.nrcl.NrclServer1ApplicationTests - Starting NrclServer1ApplicationTests on xps-u64 with PID 2420 (started by developer in /home/developer/eclipse-workspace/NRCLServer1)
14:36:24.620 [main] INFO  c.e.nrcl.NrclServer1ApplicationTests - No active profile set, falling back to default profiles: default
14:36:26.104 [main] INFO  c.e.nrcl.NrclServer1ApplicationTests - Started NrclServer1ApplicationTests in 1.896 seconds (JVM running for 2.901)
14:36:30.738 [restartedMain] INFO  c.e.nrcl.NrclServer1Application - Starting NrclServer1Application on xps-u64 with PID 1569 (/home/developer/eclipse-workspace/NRCLServer1/target/classes started by developer in /home/developer/eclipse-workspace/NRCLServer1)
14:36:30.738 [restartedMain] INFO  c.e.nrcl.NrclServer1Application - No active profile set, falling back to default profiles: default
14:36:30.967 [restartedMain] INFO  c.e.nrcl.NrclServer1Application - Started NrclServer1Application in 0.251 seconds (JVM running for 916.903)
14:36:30.967 [restartedMain] INFO  c.e.nrcl.NrclServer1Application - NrclServer1Application start, version=1.0
14:36:37.601 [http-nio-8090-exec-1] INFO  c.e.nrcl.controller.HomeController - GET home page
14:37:41.131 [http-nio-8090-exec-8] INFO  c.e.nrcl.controller.HomeController - GET home page
15:08:06.461 [main] INFO  c.e.nrcl.NrclServer1ApplicationTests - Starting NrclServer1ApplicationTests on xps-u64 with PID 4804 (started by developer in /home/developer/MyWorkspace/MyGitHubProjects/ClassifierProto/ClassifierServerApp/NRCLServer1)
15:08:06.462 [main] INFO  c.e.nrcl.NrclServer1ApplicationTests - No active profile set, falling back to default profiles: default
15:08:07.804 [main] INFO  c.e.nrcl.NrclServer1ApplicationTests - Started NrclServer1ApplicationTests in 1.697 seconds (JVM running for 2.421)
15:08:23.523 [restartedMain] INFO  c.e.nrcl.NrclServer1Application - Starting NrclServer1Application on xps-u64 with PID 4884 (/home/developer/MyWorkspace/MyGitHubProjects/ClassifierProto/ClassifierServerApp/NRCLServer1/target/classes started by developer in /home/developer/MyWorkspace/MyGitHubProjects/ClassifierProto/ClassifierServerApp/NRCLServer1)
15:08:23.527 [restartedMain] INFO  c.e.nrcl.NrclServer1Application - No active profile set, falling back to default profiles: default
15:08:25.012 [restartedMain] INFO  c.e.nrcl.NrclServer1Application - Started NrclServer1Application in 1.871 seconds (JVM running for 2.518)
15:08:25.013 [restartedMain] INFO  c.e.nrcl.NrclServer1Application - NrclServer1Application start, version=1.0
15:08:30.811 [http-nio-8090-exec-1] INFO  c.e.nrcl.controller.HomeController - GET home page
15:10:11.644 [restartedMain] INFO  c.e.nrcl.NrclServer1Application - Starting NrclServer1Application on xps-u64 with PID 4884 (/home/developer/MyWorkspace/MyGitHubProjects/ClassifierProto/ClassifierServerApp/NRCLServer1/target/classes started by developer in /home/developer/MyWorkspace/MyGitHubProjects/ClassifierProto/ClassifierServerApp/NRCLServer1)
15:10:11.644 [restartedMain] INFO  c.e.nrcl.NrclServer1Application - No active profile set, falling back to default profiles: default
15:10:12.026 [restartedMain] INFO  c.e.nrcl.NrclServer1Application - Started NrclServer1Application in 0.416 seconds (JVM running for 109.532)
15:10:12.028 [restartedMain] INFO  c.e.nrcl.NrclServer1Application - NrclServer1Application start, version=1.0
